#
# There is insufficient memory for the Java Runtime Environment to continue.
# Native memory allocation (mmap) failed to map 4120510464 bytes for committing reserved memory.
# Possible reasons:
#   The system is out of physical RAM or swap space
#   In 32 bit mode, the process size limit was hit
# Possible solutions:
#   Reduce memory load on the system
#   Increase physical memory or swap space
#   Check if swap backing store is full
#   Use 64 bit Java on a 64 bit OS
#   Decrease Java heap size (-Xmx/-Xms)
#   Decrease number of Java threads
#   Decrease Java thread stack sizes (-Xss)
#   Set larger code cache with -XX:ReservedCodeCacheSize=
# This output file may be truncated or incomplete.
#
#  Out of Memory Error (os_linux.cpp:2760), pid=8112, tid=0x00007f60e5c3f700
#
# JRE version:  (8.0_191-b12) (build )
# Java VM: OpenJDK 64-Bit Server VM (25.191-b12 mixed mode linux-amd64 compressed oops)
# Failed to write core dump. Core dumps have been disabled. To enable core dumping, try "ulimit -c unlimited" before starting Java again
#

---------------  T H R E A D  ---------------

Current thread (0x00007f60dc04b800):  JavaThread "Unknown thread" [_thread_in_vm, id=8113, stack(0x00007f60e5b40000,0x00007f60e5c40000)]

Stack: [0x00007f60e5b40000,0x00007f60e5c40000],  sp=0x00007f60e5c3e4d0,  free space=1017k
Native frames: (J=compiled Java code, j=interpreted, Vv=VM code, C=native code)
V  [libjvm.so+0xada78d]
V  [libjvm.so+0x4ff98a]
V  [libjvm.so+0x8cfef8]
V  [libjvm.so+0x8c70de]
V  [libjvm.so+0xad7534]
V  [libjvm.so+0x5ef9cc]
V  [libjvm.so+0x4e55da]
V  [libjvm.so+0x5f0731]
V  [libjvm.so+0x5e1558]
V  [libjvm.so+0xaa3a59]
V  [libjvm.so+0xaa3cf2]
V  [libjvm.so+0x631b25]
V  [libjvm.so+0xa869ce]
V  [libjvm.so+0x6b1e05]  JNI_CreateJavaVM+0x65
C  [libjli.so+0x3017]
C  [libpthread.so.0+0x7de5]  start_thread+0xc5


---------------  P R O C E S S  ---------------

Java Threads: ( => current thread )

Other Threads:

=>0x00007f60dc04b800 (exited) JavaThread "Unknown thread" [_thread_in_vm, id=8113, stack(0x00007f60e5b40000,0x00007f60e5c40000)]

VM state:not at safepoint (not fully initialized)

VM Mutex/Monitor currently owned by a thread: None

GC Heap History (0 events):
No events

Deoptimization events (0 events):
No events

Classes redefined (0 events):
No events

Internal exceptions (0 events):
No events

Events (0 events):
No events


Dynamic libraries:
00400000-00401000 r-xp 00000000 ca:01 268215                             /usr/lib/jvm/java-1.8.0-openjdk-1.8.0.191.b12-0.42.amzn1.x86_64/jre/bin/java
00600000-00601000 rw-p 00000000 ca:01 268215                             /usr/lib/jvm/java-1.8.0-openjdk-1.8.0.191.b12-0.42.amzn1.x86_64/jre/bin/java
01ac3000-01ae4000 rw-p 00000000 00:00 0                                  [heap]
6c0000000-6ca660000 rw-p 00000000 00:00 0 
7f60c0000000-7f60c0021000 rw-p 00000000 00:00 0 
7f60c0021000-7f60c4000000 ---p 00000000 00:00 0 
7f60c8000000-7f60c8021000 rw-p 00000000 00:00 0 
7f60c8021000-7f60cc000000 ---p 00000000 00:00 0 
7f60cd000000-7f60cd270000 rwxp 00000000 00:00 0 
7f60cd270000-7f60dc000000 ---p 00000000 00:00 0 
7f60dc000000-7f60dc075000 rw-p 00000000 00:00 0 
7f60dc075000-7f60e0000000 ---p 00000000 00:00 0 
7f60e1b59000-7f60e1daf000 rw-p 00000000 00:00 0 
7f60e1daf000-7f60e255b000 ---p 00000000 00:00 0 
7f60e255b000-7f60e255c000 rw-p 00000000 00:00 0 
7f60e255c000-7f60e255d000 ---p 00000000 00:00 0 
7f60e255d000-7f60e265d000 rw-p 00000000 00:00 0 
7f60e265d000-7f60e265e000 ---p 00000000 00:00 0 
7f60e265e000-7f60e2768000 rw-p 00000000 00:00 0 
7f60e2768000-7f60e2b1e000 ---p 00000000 00:00 0 
7f60e2b1e000-7f60e2b26000 r-xp 00000000 ca:01 268260                     /usr/lib/jvm/java-1.8.0-openjdk-1.8.0.191.b12-0.42.amzn1.x86_64/jre/lib/amd64/libzip.so
7f60e2b26000-7f60e2d25000 ---p 00008000 ca:01 268260                     /usr/lib/jvm/java-1.8.0-openjdk-1.8.0.191.b12-0.42.amzn1.x86_64/jre/lib/amd64/libzip.so
7f60e2d25000-7f60e2d26000 rw-p 00007000 ca:01 268260                     /usr/lib/jvm/java-1.8.0-openjdk-1.8.0.191.b12-0.42.amzn1.x86_64/jre/lib/amd64/libzip.so
7f60e2d26000-7f60e2d32000 r-xp 00000000 ca:01 262192                     /lib64/libnss_files-2.17.so
7f60e2d32000-7f60e2f31000 ---p 0000c000 ca:01 262192                     /lib64/libnss_files-2.17.so
7f60e2f31000-7f60e2f32000 r--p 0000b000 ca:01 262192                     /lib64/libnss_files-2.17.so
7f60e2f32000-7f60e2f33000 rw-p 0000c000 ca:01 262192                     /lib64/libnss_files-2.17.so
7f60e2f33000-7f60e2f39000 rw-p 00000000 00:00 0 
7f60e2f39000-7f60e2f67000 r-xp 00000000 ca:01 268242                     /usr/lib/jvm/java-1.8.0-openjdk-1.8.0.191.b12-0.42.amzn1.x86_64/jre/lib/amd64/libjava.so
7f60e2f67000-7f60e3166000 ---p 0002e000 ca:01 268242                     /usr/lib/jvm/java-1.8.0-openjdk-1.8.0.191.b12-0.42.amzn1.x86_64/jre/lib/amd64/libjava.so
7f60e3166000-7f60e3168000 rw-p 0002d000 ca:01 268242                     /usr/lib/jvm/java-1.8.0-openjdk-1.8.0.191.b12-0.42.amzn1.x86_64/jre/lib/amd64/libjava.so
7f60e3168000-7f60e3175000 r-xp 00000000 ca:01 268259                     /usr/lib/jvm/java-1.8.0-openjdk-1.8.0.191.b12-0.42.amzn1.x86_64/jre/lib/amd64/libverify.so
7f60e3175000-7f60e3374000 ---p 0000d000 ca:01 268259                     /usr/lib/jvm/java-1.8.0-openjdk-1.8.0.191.b12-0.42.amzn1.x86_64/jre/lib/amd64/libverify.so
7f60e3374000-7f60e3376000 rw-p 0000c000 ca:01 268259                     /usr/lib/jvm/java-1.8.0-openjdk-1.8.0.191.b12-0.42.amzn1.x86_64/jre/lib/amd64/libverify.so
7f60e3376000-7f60e337d000 r-xp 00000000 ca:01 262204                     /lib64/librt-2.17.so
7f60e337d000-7f60e357c000 ---p 00007000 ca:01 262204                     /lib64/librt-2.17.so
7f60e357c000-7f60e357d000 r--p 00006000 ca:01 262204                     /lib64/librt-2.17.so
7f60e357d000-7f60e357e000 rw-p 00007000 ca:01 262204                     /lib64/librt-2.17.so
7f60e357e000-7f60e3594000 r-xp 00000000 ca:01 262163                     /lib64/libgcc_s-7-20170915.so.1
7f60e3594000-7f60e3793000 ---p 00016000 ca:01 262163                     /lib64/libgcc_s-7-20170915.so.1
7f60e3793000-7f60e3794000 rw-p 00015000 ca:01 262163                     /lib64/libgcc_s-7-20170915.so.1
7f60e3794000-7f60e3895000 r-xp 00000000 ca:01 262182                     /lib64/libm-2.17.so
7f60e3895000-7f60e3a94000 ---p 00101000 ca:01 262182                     /lib64/libm-2.17.so
7f60e3a94000-7f60e3a95000 r--p 00100000 ca:01 262182                     /lib64/libm-2.17.so
7f60e3a95000-7f60e3a96000 rw-p 00101000 ca:01 262182                     /lib64/libm-2.17.so
7f60e3a96000-7f60e3c0b000 r-xp 00000000 ca:01 3438                       /usr/lib64/libstdc++.so.6.0.24
7f60e3c0b000-7f60e3e0b000 ---p 00175000 ca:01 3438                       /usr/lib64/libstdc++.so.6.0.24
7f60e3e0b000-7f60e3e15000 r--p 00175000 ca:01 3438                       /usr/lib64/libstdc++.so.6.0.24
7f60e3e15000-7f60e3e17000 rw-p 0017f000 ca:01 3438                       /usr/lib64/libstdc++.so.6.0.24
7f60e3e17000-7f60e3e1b000 rw-p 00000000 00:00 0 
7f60e3e1b000-7f60e4b0f000 r-xp 00000000 ca:01 268264                     /usr/lib/jvm/java-1.8.0-openjdk-1.8.0.191.b12-0.42.amzn1.x86_64/jre/lib/amd64/server/libjvm.so
7f60e4b0f000-7f60e4d0f000 ---p 00cf4000 ca:01 268264                     /usr/lib/jvm/java-1.8.0-openjdk-1.8.0.191.b12-0.42.amzn1.x86_64/jre/lib/amd64/server/libjvm.so
7f60e4d0f000-7f60e4de6000 rw-p 00cf4000 ca:01 268264                     /usr/lib/jvm/java-1.8.0-openjdk-1.8.0.191.b12-0.42.amzn1.x86_64/jre/lib/amd64/server/libjvm.so
7f60e4de6000-7f60e4e19000 rw-p 00000000 00:00 0 
7f60e4e19000-7f60e4fdb000 r-xp 00000000 ca:01 262174                     /lib64/libc-2.17.so
7f60e4fdb000-7f60e51db000 ---p 001c2000 ca:01 262174                     /lib64/libc-2.17.so
7f60e51db000-7f60e51df000 r--p 001c2000 ca:01 262174                     /lib64/libc-2.17.so
7f60e51df000-7f60e51e1000 rw-p 001c6000 ca:01 262174                     /lib64/libc-2.17.so
7f60e51e1000-7f60e51e6000 rw-p 00000000 00:00 0 
7f60e51e6000-7f60e51e8000 r-xp 00000000 ca:01 262180                     /lib64/libdl-2.17.so
7f60e51e8000-7f60e53e8000 ---p 00002000 ca:01 262180                     /lib64/libdl-2.17.so
7f60e53e8000-7f60e53e9000 r--p 00002000 ca:01 262180                     /lib64/libdl-2.17.so
7f60e53e9000-7f60e53ea000 rw-p 00003000 ca:01 262180                     /lib64/libdl-2.17.so
7f60e53ea000-7f60e53f8000 r-xp 00000000 ca:01 268229                     /usr/lib/jvm/java-1.8.0-openjdk-1.8.0.191.b12-0.42.amzn1.x86_64/jre/lib/amd64/jli/libjli.so
7f60e53f8000-7f60e55f7000 ---p 0000e000 ca:01 268229                     /usr/lib/jvm/java-1.8.0-openjdk-1.8.0.191.b12-0.42.amzn1.x86_64/jre/lib/amd64/jli/libjli.so
7f60e55f7000-7f60e55f8000 rw-p 0000d000 ca:01 268229                     /usr/lib/jvm/java-1.8.0-openjdk-1.8.0.191.b12-0.42.amzn1.x86_64/jre/lib/amd64/jli/libjli.so
7f60e55f8000-7f60e560d000 r-xp 00000000 ca:01 262228                     /lib64/libz.so.1.2.8
7f60e560d000-7f60e580c000 ---p 00015000 ca:01 262228                     /lib64/libz.so.1.2.8
7f60e580c000-7f60e580d000 r--p 00014000 ca:01 262228                     /lib64/libz.so.1.2.8
7f60e580d000-7f60e580e000 rw-p 00015000 ca:01 262228                     /lib64/libz.so.1.2.8
7f60e580e000-7f60e5825000 r-xp 00000000 ca:01 262200                     /lib64/libpthread-2.17.so
7f60e5825000-7f60e5a24000 ---p 00017000 ca:01 262200                     /lib64/libpthread-2.17.so
7f60e5a24000-7f60e5a25000 r--p 00016000 ca:01 262200                     /lib64/libpthread-2.17.so
7f60e5a25000-7f60e5a26000 rw-p 00017000 ca:01 262200                     /lib64/libpthread-2.17.so
7f60e5a26000-7f60e5a2a000 rw-p 00000000 00:00 0 
7f60e5a2a000-7f60e5a4c000 r-xp 00000000 ca:01 267843                     /lib64/ld-2.17.so
7f60e5af6000-7f60e5b37000 rw-p 00000000 00:00 0 
7f60e5b37000-7f60e5b3f000 rw-s 00000000 ca:01 270173                     /tmp/hsperfdata_ec2-user/8112
7f60e5b3f000-7f60e5b43000 ---p 00000000 00:00 0 
7f60e5b43000-7f60e5c46000 rw-p 00000000 00:00 0 
7f60e5c46000-7f60e5c49000 rw-p 00000000 00:00 0 
7f60e5c49000-7f60e5c4a000 r--p 00000000 00:00 0 
7f60e5c4a000-7f60e5c4b000 rw-p 00000000 00:00 0 
7f60e5c4b000-7f60e5c4c000 r--p 00021000 ca:01 267843                     /lib64/ld-2.17.so
7f60e5c4c000-7f60e5c4d000 rw-p 00022000 ca:01 267843                     /lib64/ld-2.17.so
7f60e5c4d000-7f60e5c4e000 rw-p 00000000 00:00 0 
7fff40f97000-7fff40fb8000 rw-p 00000000 00:00 0                          [stack]
7fff40fc0000-7fff40fc3000 r--p 00000000 00:00 0                          [vvar]
7fff40fc3000-7fff40fc5000 r-xp 00000000 00:00 0                          [vdso]
ffffffffff600000-ffffffffff601000 r-xp 00000000 00:00 0                  [vsyscall]

VM Arguments:
jvm_args: -Xms4G -Xmx4G -XX:+UseConcMarkSweepGC 
java_command: spigot.jar
java_class_path (initial): spigot.jar
Launcher Type: SUN_STANDARD

Environment Variables:
JAVA_HOME=/usr/lib/jvm/jre
PATH=/usr/local/bin:/bin:/usr/bin:/usr/local/sbin:/usr/sbin:/sbin:/opt/aws/bin:/home/ec2-user/.local/bin:/home/ec2-user/bin:/opt/aws/bin
SHELL=/bin/bash

Signal Handlers:
SIGSEGV: [libjvm.so+0xadb2b0], sa_mask[0]=11111111011111111101111111111110, sa_flags=SA_RESTART|SA_SIGINFO
SIGBUS: [libjvm.so+0xadb2b0], sa_mask[0]=11111111011111111101111111111110, sa_flags=SA_RESTART|SA_SIGINFO
SIGFPE: [libjvm.so+0x8cb210], sa_mask[0]=11111111011111111101111111111110, sa_flags=SA_RESTART|SA_SIGINFO
SIGPIPE: [libjvm.so+0x8cb210], sa_mask[0]=11111111011111111101111111111110, sa_flags=SA_RESTART|SA_SIGINFO
SIGXFSZ: [libjvm.so+0x8cb210], sa_mask[0]=11111111011111111101111111111110, sa_flags=SA_RESTART|SA_SIGINFO
SIGILL: [libjvm.so+0x8cb210], sa_mask[0]=11111111011111111101111111111110, sa_flags=SA_RESTART|SA_SIGINFO
SIGUSR1: SIG_DFL, sa_mask[0]=00000000000000000000000000000000, sa_flags=none
SIGUSR2: [libjvm.so+0x8cb0c0], sa_mask[0]=00000000000000000000000000000000, sa_flags=SA_RESTART|SA_SIGINFO
SIGHUP: SIG_DFL, sa_mask[0]=00000000000000000000000000000000, sa_flags=none
SIGINT: SIG_DFL, sa_mask[0]=00000000000000000000000000000000, sa_flags=none
SIGTERM: SIG_DFL, sa_mask[0]=00000000000000000000000000000000, sa_flags=none
SIGQUIT: SIG_DFL, sa_mask[0]=00000000000000000000000000000000, sa_flags=none


---------------  S Y S T E M  ---------------

OS:Amazon Linux AMI release 2018.03

uname:Linux 4.14.88-72.73.amzn1.x86_64 #1 SMP Fri Dec 14 20:12:13 UTC 2018 x86_64
libc:glibc 2.17 NPTL 2.17 
rlimit: STACK 8192k, CORE 0k, NPROC 15698, NOFILE 4096, AS infinity
load average:0.00 0.00 0.03

/proc/meminfo:
MemTotal:        4040072 kB
MemFree:         2980600 kB
MemAvailable:    3758880 kB
Buffers:           49444 kB
Cached:           905544 kB
SwapCached:            0 kB
Active:           518652 kB
Inactive:         458092 kB
Active(anon):      21756 kB
Inactive(anon):       52 kB
Active(file):     496896 kB
Inactive(file):   458040 kB
Unevictable:           0 kB
Mlocked:               0 kB
SwapTotal:             0 kB
SwapFree:              0 kB
Dirty:                32 kB
Writeback:             0 kB
AnonPages:         21752 kB
Mapped:            33136 kB
Shmem:                60 kB
Slab:              62508 kB
SReclaimable:      50824 kB
SUnreclaim:        11684 kB
KernelStack:        1920 kB
PageTables:         2892 kB
NFS_Unstable:          0 kB
Bounce:                0 kB
WritebackTmp:          0 kB
CommitLimit:     2020036 kB
Committed_AS:     339492 kB
VmallocTotal:   34359738367 kB
VmallocUsed:           0 kB
VmallocChunk:          0 kB
AnonHugePages:         0 kB
ShmemHugePages:        0 kB
ShmemPmdMapped:        0 kB
HugePages_Total:       0
HugePages_Free:        0
HugePages_Rsvd:        0
HugePages_Surp:        0
Hugepagesize:       2048 kB
DirectMap4k:       43008 kB
DirectMap2M:     4151296 kB


CPU:total 2 (initial active 2) (2 cores per cpu, 1 threads per core) family 6 model 79 stepping 1, cmov, cx8, fxsr, mmx, sse, sse2, sse3, ssse3, sse4.1, sse4.2, popcnt, avx, avx2, aes, clmul, erms, lzcnt, tsc, bmi1, bmi2

/proc/cpuinfo:
processor	: 0
vendor_id	: GenuineIntel
cpu family	: 6
model		: 79
model name	: Intel(R) Xeon(R) CPU E5-2686 v4 @ 2.30GHz
stepping	: 1
microcode	: 0xb000031
cpu MHz		: 2300.082
cache size	: 46080 KB
physical id	: 0
siblings	: 2
core id		: 0
cpu cores	: 2
apicid		: 0
initial apicid	: 0
fpu		: yes
fpu_exception	: yes
cpuid level	: 13
wp		: yes
flags		: fpu vme de pse tsc msr pae mce cx8 apic sep mtrr pge mca cmov pat pse36 clflush mmx fxsr sse sse2 ht syscall nx rdtscp lm constant_tsc rep_good nopl xtopology cpuid pni pclmulqdq ssse3 fma cx16 pcid sse4_1 sse4_2 x2apic movbe popcnt tsc_deadline_timer aes xsave avx f16c rdrand hypervisor lahf_lm abm cpuid_fault invpcid_single pti fsgsbase bmi1 avx2 smep bmi2 erms invpcid xsaveopt
bugs		: cpu_meltdown spectre_v1 spectre_v2 spec_store_bypass l1tf
bogomips	: 4600.07
clflush size	: 64
cache_alignment	: 64
address sizes	: 46 bits physical, 48 bits virtual
power management:

processor	: 1
vendor_id	: GenuineIntel
cpu family	: 6
model		: 79
model name	: Intel(R) Xeon(R) CPU E5-2686 v4 @ 2.30GHz
stepping	: 1
microcode	: 0xb000031
cpu MHz		: 2300.082
cache size	: 46080 KB
physical id	: 0
siblings	: 2
core id		: 1
cpu cores	: 2
apicid		: 2
initial apicid	: 2
fpu		: yes
fpu_exception	: yes
cpuid level	: 13
wp		: yes
flags		: fpu vme de pse tsc msr pae mce cx8 apic sep mtrr pge mca cmov pat pse36 clflush mmx fxsr sse sse2 ht syscall nx rdtscp lm constant_tsc rep_good nopl xtopology cpuid pni pclmulqdq ssse3 fma cx16 pcid sse4_1 sse4_2 x2apic movbe popcnt tsc_deadline_timer aes xsave avx f16c rdrand hypervisor lahf_lm abm cpuid_fault invpcid_single pti fsgsbase bmi1 avx2 smep bmi2 erms invpcid xsaveopt
bugs		: cpu_meltdown spectre_v1 spectre_v2 spec_store_bypass l1tf
bogomips	: 4600.07
clflush size	: 64
cache_alignment	: 64
address sizes	: 46 bits physical, 48 bits virtual
power management:



Memory: 4k page, physical 4040072k(2980600k free), swap 0k(0k free)

vm_info: OpenJDK 64-Bit Server VM (25.191-b12) for linux-amd64 JRE (1.8.0_191-b12), built on Nov  2 2018 22:42:38 by "mockbuild" with gcc 4.8.5 20150623 (Red Hat 4.8.5-28)

time: Thu Jan  3 18:25:02 2019
elapsed time: 0 seconds (0d 0h 0m 0s)

